 rwoo@rwooui-MacBook-Pro  ~/02_WorkSpace/12_Django_WorkSpace/01_Tutorial_Inflearn  . ./01_ci_conda_info_envs.sh
# conda environments:
#
p2.7                     /Users/rwoo/anaconda/envs/p2.7
python3.5                /Users/rwoo/anaconda/envs/python3.5
python354                /Users/rwoo/anaconda/envs/python354
python361                /Users/rwoo/anaconda/envs/python361
python365                /Users/rwoo/anaconda/envs/python365
root                  *  /Users/rwoo/anaconda

 rwoo@rwooui-MacBook-Pro  ~/02_WorkSpace/12_Django_WorkSpace/01_Tutorial_Inflearn  . ./02_sa_source_activate_python365.sh
/usr/local/bin/zsh
# conda environments:
#
p2.7                     /Users/rwoo/anaconda/envs/p2.7
python3.5                /Users/rwoo/anaconda/envs/python3.5
python354                /Users/rwoo/anaconda/envs/python354
python361                /Users/rwoo/anaconda/envs/python361
python365             *  /Users/rwoo/anaconda/envs/python365
root                     /Users/rwoo/anaconda

(python365)  rwoo@rwooui-MacBook-Pro  ~/02_WorkSpace/12_Django_WorkSpace/01_Tutorial_Inflearn  pip install --upgrade pip
Collecting pip
  Downloading https://files.pythonhosted.org/packages/5f/25/e52d3f31441505a5f3af41213346e5b6c221c9e086a166f3703d2ddaf940/pip-18.0-py2.py3-none-any.whl (1.3MB)
    100% |████████████████████████████████| 1.3MB 2.3MB/s
Installing collected packages: pip
  Found existing installation: pip 10.0.1
    Uninstalling pip-10.0.1:
      Successfully uninstalled pip-10.0.1
Successfully installed pip-18.0

(python365)  rwoo@rwooui-MacBook-Pro  ~/02_WorkSpace/12_Django_WorkSpace/01_Tutorial_Inflearn  pip install django
Collecting django
  Downloading https://files.pythonhosted.org/packages/ab/15/cfde97943f0db45e4f999c60b696fbb4df59e82bbccc686770f4e44c9094/Django-2.0.7-py3-none-any.whl (7.1MB)
    100% |████████████████████████████████| 7.1MB 2.1MB/s
Requirement already satisfied: pytz in /Users/rwoo/anaconda/envs/python365/lib/python3.6/site-packages (from django) (2018.4)
Installing collected packages: django
Successfully installed django-2.0.7

(python365)  rwoo@rwooui-MacBook-Pro  ~/02_WorkSpace/12_Django_WorkSpace/01_Tutorial_Inflearn  tree
.
├── 01_ci_conda_info_envs.sh
├── 02_sa_source_activate_python365.sh
├── 03_sd_source_deactivate_python365.sh
└── djago_study.log

0 directories, 4 files

(python365)  rwoo@rwooui-MacBook-Pro  ~/02_WorkSpace/12_Django_WorkSpace/01_Tutorial_Inflearn  django-admin startproject tutorial

(python365)  rwoo@rwooui-MacBook-Pro  ~/02_WorkSpace/12_Django_WorkSpace/01_Tutorial_Inflearn  tree
.
├── 01_ci_conda_info_envs.sh
├── 02_sa_source_activate_python365.sh
├── 03_sd_source_deactivate_python365.sh
├── djago_study.log
└── tutorial
    ├── manage.py
    └── tutorial
        ├── __init__.py
        ├── settings.py
        ├── urls.py
        └── wsgi.py

2 directories, 9 files

(python365)  rwoo@rwooui-MacBook-Pro  ~/02_WorkSpace/12_Django_WorkSpace/01_Tutorial_Inflearn  cd tutorial

(python365)  rwoo@rwooui-MacBook-Pro  ~/02_WorkSpace/12_Django_WorkSpace/01_Tutorial_Inflearn/tutorial  ./manage.py startapp community

(python365)  rwoo@rwooui-MacBook-Pro  ~/02_WorkSpace/12_Django_WorkSpace/01_Tutorial_Inflearn/tutorial  tree
.
├── community
│   ├── __init__.py
│   ├── admin.py
│   ├── apps.py
│   ├── migrations
│   │   └── __init__.py
│   ├── models.py
│   ├── tests.py
│   └── views.py
├── manage.py
└── tutorial
    ├── __init__.py
    ├── __pycache__
    │   ├── __init__.cpython-36.pyc
    │   └── settings.cpython-36.pyc
    ├── settings.py
    ├── urls.py
    └── wsgi.py

4 directories, 14 files

(python365)  rwoo@rwooui-MacBook-Pro  ~/02_WorkSpace/12_Django_WorkSpace/01_Tutorial_Inflearn/tutorial  ./manage.py migrate
Operations to perform:
  Apply all migrations: admin, auth, contenttypes, sessions
Running migrations:
  Applying contenttypes.0001_initial... OK
  Applying auth.0001_initial... OK
  Applying admin.0001_initial... OK
  Applying admin.0002_logentry_remove_auto_add... OK
  Applying contenttypes.0002_remove_content_type_name... OK
  Applying auth.0002_alter_permission_name_max_length... OK
  Applying auth.0003_alter_user_email_max_length... OK
  Applying auth.0004_alter_user_username_opts... OK
  Applying auth.0005_alter_user_last_login_null... OK
  Applying auth.0006_require_contenttypes_0002... OK
  Applying auth.0007_alter_validators_add_error_messages... OK
  Applying auth.0008_alter_user_username_max_length... OK
  Applying auth.0009_alter_user_last_name_max_length... OK
  Applying sessions.0001_initial... OK

(python365)  rwoo@rwooui-MacBook-Pro  ~/02_WorkSpace/12_Django_WorkSpace/01_Tutorial_Inflearn/tutorial  ll db.sqlite3
-rw-r--r--  1 rwoo  staff   128K  7 23 16:42 db.sqlite3

(python365)  rwoo@rwooui-MacBook-Pro  ~/02_WorkSpace/12_Django_WorkSpace/01_Tutorial_Inflearn/tutorial  ./manage.py createsuperuser
Username (leave blank to use 'rwoo'): admin
Email address: wooheaven@naver.com
Password: 12qwaszx
Password (again):
Superuser created successfully.

(python365)  rwoo@rwooui-MacBook-Pro  ~/02_WorkSpace/12_Django_WorkSpace/01_Tutorial_Inflearn/tutorial  cat -n tutorial/settings.py
...
    42    #MIDDLEWARE_CLASSES = [
    43    MIDDLEWARE = [
    44        'django.middleware.security.SecurityMiddleware',
    45        'django.contrib.sessions.middleware.SessionMiddleware',
    46        'django.middleware.common.CommonMiddleware',
    47        'django.middleware.csrf.CsrfViewMiddleware',
    48        'django.contrib.auth.middleware.AuthenticationMiddleware',
    49    #    'django.contrib.auth.middleware.SessionAuthenticationMiddleware',
    50        'django.contrib.messages.middleware.MessageMiddleware',
    51        'django.middleware.clickjacking.XFrameOptionsMiddleware',
    52    ]
...

(python365)  rwoo@rwooui-MacBook-Pro  ~/02_WorkSpace/12_Django_WorkSpace/01_Tutorial_Inflearn/tutorial  ./manage.py runserver 8001
Performing system checks...

System check identified no issues (0 silenced).
July 23, 2018 - 08:23:51
Django version 2.0.7, using settings 'tutorial.settings'
Starting development server at http://127.0.0.1:8001/
Quit the server with CONTROL-C.
[23/Jul/2018 08:23:58] "GET /admin/login/?next=/admin/ HTTP/1.1" 200 1855
[23/Jul/2018 08:24:01] "GET /admin/login/?next=/admin/ HTTP/1.1" 200 1855
[23/Jul/2018 08:24:02] "GET / HTTP/1.1" 200 16348
[23/Jul/2018 08:24:02] "GET / HTTP/1.1" 200 16348
[23/Jul/2018 08:24:06] "GET / HTTP/1.1" 200 16348
[23/Jul/2018 08:24:06] "GET /admin/login/?next=/admin/ HTTP/1.1" 200 1855
[23/Jul/2018 08:24:07] "GET /admin/ HTTP/1.1" 302 0
[23/Jul/2018 08:24:07] "GET /admin/login/?next=/admin/ HTTP/1.1" 200 1855
[23/Jul/2018 08:24:07] "GET /admin/ HTTP/1.1" 302 0
[23/Jul/2018 08:24:07] "GET /admin/login/?next=/admin/ HTTP/1.1" 200 1855
^C%
...

(python365)  rwoo@rwooui-MacBook-Pro  ~/02_WorkSpace/12_Django_WorkSpace/01_Tutorial_Inflearn/tutorial  cat -n tutorial/settings.py
...
    33    INSTALLED_APPS = [
    34        'community',
    35        'django.contrib.admin',
    36        'django.contrib.auth',
    37        'django.contrib.contenttypes',
    38        'django.contrib.sessions',
    39        'django.contrib.messages',
    40        'django.contrib.staticfiles',
    41    ]
...

(python365)  rwoo@rwooui-MacBook-Pro  ~/02_WorkSpace/12_Django_WorkSpace/01_Tutorial_Inflearn/tutorial  cat -n community/models.py
...
     3    # Create your models here.
     4    class Article(models.Model):
     5        name = models.CharField(max_length=50)
     6        title = models.CharField(max_length=50)
     7        contents = models.TextField()
     8        url = models.URLField()
     9        email = models.EmailField()
    10        cdate = models.DateTimeField(auto_now_add=True)

(python365)  rwoo@rwooui-MacBook-Pro  ~/02_WorkSpace/12_Django_WorkSpace/01_Tutorial_Inflearn/tutorial  ./manage.py makemigrations community
Migrations for 'community':
  community/migrations/0001_initial.py
    - Create model Article

(python365)  rwoo@rwooui-MacBook-Pro  ~/02_WorkSpace/12_Django_WorkSpace/01_Tutorial_Inflearn/tutorial  ./manage.py migrate
Operations to perform:
  Apply all migrations: admin, auth, community, contenttypes, sessions
Running migrations:
  Applying community.0001_initial... OK

(python365)  rwoo@rwooui-MacBook-Pro  ~/02_WorkSpace/12_Django_WorkSpace/01_Tutorial_Inflearn/tutorial  cat -n tutorial/urls.py
...
    18    from community.views import *
    19
    20    urlpatterns = [
    21        url(r'^admin/', admin.site.urls),
    22        url(r'^write/', write, name='write'),

(python365)  rwoo@rwooui-MacBook-Pro  ~/02_WorkSpace/12_Django_WorkSpace/01_Tutorial_Inflearn/tutorial  mkdir community/templates

(python365)  rwoo@rwooui-MacBook-Pro  ~/02_WorkSpace/12_Django_WorkSpace/01_Tutorial_Inflearn/tutorial  touch community/templates/write.html

(python365)  rwoo@rwooui-MacBook-Pro  ~/02_WorkSpace/12_Django_WorkSpace/01_Tutorial_Inflearn/tutorial  cat -n community/templates/write.html
     1    <!DOCTYPE html>
     2    <html lang="en">
     3        <head>
     4            <meta charset="UTF-8">
     5            <title>write</title>
     6        </head>
     7        <body>
     8            hello django
     9        </body>
    10    </html>

(python365)  rwoo@rwooui-MacBook-Pro  ~/02_WorkSpace/12_Django_WorkSpace/01_Tutorial_Inflearn/tutorial  vi community/forms.py
(python365)  rwoo@rwooui-MacBook-Pro  ~/02_WorkSpace/12_Django_WorkSpace/01_Tutorial_Inflearn/tutorial  cat -n community/forms.py
     1    from django.forms import ModelForm
     2    from community.models import *
     3
     4    class Form(ModelForm):
     5        class Meta:
     6            model = Article
     7            fields = ['name', 'title', 'contents', 'url', 'email']

(python365)  rwoo@rwooui-MacBook-Pro  ~/02_WorkSpace/12_Django_WorkSpace/01_Tutorial_Inflearn/tutorial  vi community/views.py
(python365)  rwoo@rwooui-MacBook-Pro  ~/02_WorkSpace/12_Django_WorkSpace/01_Tutorial_Inflearn/tutorial  cat -n community/views.py
     1    from django.shortcuts import render
     2    from community.forms import *
     3
     4    # Create your views here.
     5    def write(request):
     6        form = Form()
     7        return render(request, 'write.html', {'form':form})

(python365)  rwoo@rwooui-MacBook-Pro  ~/02_WorkSpace/12_Django_WorkSpace/01_Tutorial_Inflearn/tutorial  vi community/templates/write.html

(python365)  rwoo@rwooui-MacBook-Pro  ~/02_WorkSpace/12_Django_WorkSpace/01_Tutorial_Inflearn/tutorial  cat -n community/templates/write.html
     1    <!DOCTYPE html>
     2    <html lang="en">
     3        <head>
     4            <meta charset="UTF-8">
     5            <title>write</title>
     6        </head>
     7        <body>
     8            <form action="" method="post">
     9                {% comment %}
    10                    {{ form.as_table }}
    11                    {{ form.as_p }}
    12                    {{ form.as_ul }}
    13                {% endcomment %}
    14                {{ form.as_p }}
    15            <button type="submit" class="btn btn-primary">저장</button>
    16            </form>
    17        </body>
    18    </html>

(python365)  rwoo@rwooui-MacBook-Pro  ~/02_WorkSpace/12_Django_WorkSpace/01_Tutorial_Inflearn/tutorial  vi community/views.py
(python365)  rwoo@rwooui-MacBook-Pro  ~/02_WorkSpace/12_Django_WorkSpace/01_Tutorial_Inflearn/tutorial  cat -n community/views.py
     1    from django.shortcuts import render
     2    from community.forms import *
     3
     4    # Create your views here.
     5    def write(request):
     6        if request.method == 'POST':
     7            form = Form(request.POST)
     8            if form.is_valid():
     9                form.save()
    10        else:
    11            form = Form()
    12
    13        return render(request, 'write.html', {'form':form})

(python365)  rwoo@rwooui-MacBook-Pro  ~/02_WorkSpace/12_Django_WorkSpace/01_Tutorial_Inflearn/tutorial  vi community/templates/write.html
(python365)  rwoo@rwooui-MacBook-Pro  ~/02_WorkSpace/12_Django_WorkSpace/01_Tutorial_Inflearn/tutorial  cat -n community/templates/write.html
     1    <!DOCTYPE html>
     2    <html lang="en">
     3        <head>
     4            <meta charset="UTF-8">
     5            <title>write</title>
     6        </head>
     7        <body>
     8            <form action="" method="post">
     9                {% comment %}
    10                    {{ form.as_table }}
    11                    {{ form.as_p }}
    12                    {{ form.as_ul }}
    13                {% endcomment %}
    14                {{ form.as_p }}
    15                {% csrf_token %}
    16            <button type="submit" class="btn btn-primary">저장</button>
    17            </form>
    18        </body>
    19    </html>

(python365)  rwoo@rwooui-MacBook-Pro  ~/02_WorkSpace/12_Django_WorkSpace/01_Tutorial_Inflearn/tutorial  vi tutorial/urls.py
(python365)  rwoo@rwooui-MacBook-Pro  ~/02_WorkSpace/12_Django_WorkSpace/01_Tutorial_Inflearn/tutorial  cat -n tutorial/urls.py
     1    """tutorial URL Configuration
     2
     3    The `urlpatterns` list routes URLs to views. For more information please see:
     4        https://docs.djangoproject.com/en/1.9/topics/http/urls/
     5    Examples:
     6    Function views
     7        1. Add an import:  from my_app import views
     8        2. Add a URL to urlpatterns:  url(r'^$', views.home, name='home')
     9    Class-based views
    10        1. Add an import:  from other_app.views import Home
    11        2. Add a URL to urlpatterns:  url(r'^$', Home.as_view(), name='home')
    12    Including another URLconf
    13        1. Import the include() function: from django.conf.urls import url, include
    14        2. Add a URL to urlpatterns:  url(r'^blog/', include('blog.urls'))
    15    """
    16    from django.conf.urls import url
    17    from django.contrib import admin
    18    from community.views import *
    19
    20    urlpatterns = [
    21        url(r'^admin/', admin.site.urls),
    22        url(r'^write/', write, name='write'),
    23        url(r'^list/', list, name='list'),
    24    ]

(python365)  rwoo@rwooui-MacBook-Pro  ~/02_WorkSpace/12_Django_WorkSpace/01_Tutorial_Inflearn/tutorial  vi community/views.py
(python365)  rwoo@rwooui-MacBook-Pro  ~/02_WorkSpace/12_Django_WorkSpace/01_Tutorial_Inflearn/tutorial  cat -n community/views.py
     1    from django.shortcuts import render
     2    from community.forms import *
     3
     4    # Create your views here.
     5    def write(request):
     6        if request.method == 'POST':
     7            form = Form(request.POST)
     8            if form.is_valid():
     9                form.save()
    10        else:
    11            form = Form()
    12
    13        return render(request, 'write.html', {'form':form})
    14
    15    def list(request):
    16        return render(request, 'list.html')

(python365)  rwoo@rwooui-MacBook-Pro  ~/02_WorkSpace/12_Django_WorkSpace/01_Tutorial_Inflearn/tutorial  cp community/templates/write.html community/templates/list.html
(python365)  rwoo@rwooui-MacBook-Pro  ~/02_WorkSpace/12_Django_WorkSpace/01_Tutorial_Inflearn/tutorial  vi community/templates/list.html
(python365)  rwoo@rwooui-MacBook-Pro  ~/02_WorkSpace/12_Django_WorkSpace/01_Tutorial_Inflearn/tutorial  cat -n community/templates/list.html
     1    <!DOCTYPE html>
     2    <html lang="en">
     3        <head>
     4            <meta charset="UTF-8">
     5            <title>list</title>
     6        </head>
     7        <body>
     8            list
     9        </body>
    10    </html>

(python365)  rwoo@rwooui-MacBook-Pro  ~/02_WorkSpace/12_Django_WorkSpace/01_Tutorial_Inflearn/tutorial  vi community/views.py
(python365)  rwoo@rwooui-MacBook-Pro  ~/02_WorkSpace/12_Django_WorkSpace/01_Tutorial_Inflearn/tutorial  cat -n community/views.py
     1    from django.shortcuts import render
     2    from community.forms import *
     3
     4    # Create your views here.
     5    def write(request):
     6        if request.method == 'POST':
     7            form = Form(request.POST)
     8            if form.is_valid():
     9                form.save()
    10        else:
    11            form = Form()
    12
    13        return render(request, 'write.html', {'form':form})
    14
    15    def list(request):
    16        articleList = Article.objects.all()
    17        return render(request, 'list.html', {'articleList':articleList})

(python365)  rwoo@rwooui-MacBook-Pro  ~/02_WorkSpace/12_Django_WorkSpace/01_Tutorial_Inflearn/tutorial  vi community/templates/list.html
(python365)  rwoo@rwooui-MacBook-Pro  ~/02_WorkSpace/12_Django_WorkSpace/01_Tutorial_Inflearn/tutorial  cat -n community/templates/list.html
     1    <!DOCTYPE html>
     2    <html lang="en">
     3        <head>
     4            <meta charset="UTF-8">
     5            <title>list</title>
     6        </head>
     7        <body>
     8            <ul>
     9                <li>제목 | 저자 | 날짜</li>
    10                {% for article in articleList %}
    11                <li>{{ article.title }} | {{ article.name }} | {{ article.cdate|date:"D d M Y" }}</li>
    12                {% endfor %}
    13            </ul>
    14        </body>
    15    </html>

(python365)  rwoo@rwooui-MacBook-Pro  ~/02_WorkSpace/12_Django_WorkSpace/01_Tutorial_Inflearn/tutorial  vi tutorial/urls.py
(python365)  rwoo@rwooui-MacBook-Pro  ~/02_WorkSpace/12_Django_WorkSpace/01_Tutorial_Inflearn/tutorial  cat -n tutorial/urls.py
     1    """tutorial URL Configuration
     2
     3    The `urlpatterns` list routes URLs to views. For more information please see:
     4        https://docs.djangoproject.com/en/1.9/topics/http/urls/
     5    Examples:
     6    Function views
     7        1. Add an import:  from my_app import views
     8        2. Add a URL to urlpatterns:  url(r'^$', views.home, name='home')
     9    Class-based views
    10        1. Add an import:  from other_app.views import Home
    11        2. Add a URL to urlpatterns:  url(r'^$', Home.as_view(), name='home')
    12    Including another URLconf
    13        1. Import the include() function: from django.conf.urls import url, include
    14        2. Add a URL to urlpatterns:  url(r'^blog/', include('blog.urls'))
    15    """
    16    from django.conf.urls import url
    17    from django.contrib import admin
    18    from community.views import *
    19
    20    urlpatterns = [
    21        url(r'^admin/', admin.site.urls),
    22        url(r'^write/', write, name='write'),
    23        url(r'^list/', list, name='list'),
    24        url(r'^view/(?P<num>[0-9]+)/$', view),
    25    ]

(python365)  rwoo@rwooui-MacBook-Pro  ~/02_WorkSpace/12_Django_WorkSpace/01_Tutorial_Inflearn/tutorial  vi community/views.py
(python365)  rwoo@rwooui-MacBook-Pro  ~/02_WorkSpace/12_Django_WorkSpace/01_Tutorial_Inflearn/tutorial  cat -n community/views.py
     1    from django.shortcuts import render
     2    from community.forms import *
     3
     4    # Create your views here.
     5    def write(request):
     6        if request.method == 'POST':
     7            form = Form(request.POST)
     8            if form.is_valid():
     9                form.save()
    10        else:
    11            form = Form()
    12
    13        return render(request, 'write.html', {'form':form})
    14
    15    def list(request):
    16        articleList = Article.objects.all()
    17        return render(request, 'list.html', {'articleList':articleList})
    18
    19    def view(request, num="1"):
    20        article = Article.objects.get(id=num)
    21        return render(request, 'view.html', {'article':article})

(python365)  rwoo@rwooui-MacBook-Pro  ~/02_WorkSpace/12_Django_WorkSpace/01_Tutorial_Inflearn/tutorial  cp community/templates/list.html community/templates/view.html
(python365)  rwoo@rwooui-MacBook-Pro  ~/02_WorkSpace/12_Django_WorkSpace/01_Tutorial_Inflearn/tutorial  vi community/templates/view.html
(python365)  rwoo@rwooui-MacBook-Pro  ~/02_WorkSpace/12_Django_WorkSpace/01_Tutorial_Inflearn/tutorial  cat -n community/templates/view.html
     1    <!DOCTYPE html>
     2    <html lang="en">
     3        <head>
     4            <meta charset="UTF-8">
     5            <title>list</title>
     6        </head>
     7        <body>
     8            제 목 : {{ article.title }}
     9            <br>
    10            저 자 : {{ article.name }}
    11            <br>
    12            내 용 : {{ article.contents }}
    13            <br>
    14            Email : {{ article.email }}
    15            <br>
    16        </body>
    17    </html>

(python365)  rwoo@rwooui-MacBook-Pro  ~/02_WorkSpace/12_Django_WorkSpace/01_Tutorial_Inflearn/tutorial  vi community/templates/list.html
(python365)  rwoo@rwooui-MacBook-Pro  ~/02_WorkSpace/12_Django_WorkSpace/01_Tutorial_Inflearn/tutorial  cat -n community/templates/list.html
     1    <!DOCTYPE html>
     2    <html lang="en">
     3        <head>
     4            <meta charset="UTF-8">
     5            <title>list</title>
     6        </head>
     7        <body>
     8            <ul>
     9                <li>제목 | 저자 | 날짜</li>
    10                {% for article in articleList %}
    11                <li><a href="/view/{{article.id}}">{{ article.title }}</a> | {{ article.name }} | {{ article.cdate|date:"D d M Y" }}</li>
    12                {% endfor %}
    13            </ul>
    14        </body>
    15    </html>
